* using log directory ‘/home/jan/Pulpit/Job_repo/EMMA/NaDIA_package/NADIA.Rcheck’
* using R version 3.6.3 (2020-02-29)
* using platform: x86_64-pc-linux-gnu (64-bit)
* using session charset: UTF-8
* using option ‘--as-cran’
* checking for file ‘NADIA/DESCRIPTION’ ... OK
* checking extension type ... Package
* this is package ‘NADIA’ version ‘0.4.0’
* package encoding: UTF-8
* checking CRAN incoming feasibility ... NOTE
Maintainer: ‘Jan Borowski <janborowka7@gmail.com>’

New submission

Package has a VignetteBuilder field but no prebuilt vignette index.

The build time stamp is missing.
* checking package namespace information ... OK
* checking package dependencies ... OK
* checking if this is a source package ... OK
* checking if there is a namespace ... OK
* checking for executable files ... OK
* checking for hidden files and directories ... NOTE
Found the following hidden files and directories:
  .RData
  .Rhistory
  .gitignore
  vignettes/.gitignore
  .Rproj.user
These were most likely included in error. See section ‘Package
structure’ in the ‘Writing R Extensions’ manual.

CRAN-pack does not know about
  .RData
* checking for portable file names ... OK
* checking for sufficient/correct file permissions ... OK
* checking serialization versions ... WARNING
Found file(s) with version 3 serialization:
  ‘vignettes/NADIA_basic_usage_cache/html/chunk1_35c9585e5f79ce62a289bea53429aec9.RData’
  ‘vignettes/NADIA_basic_usage_cache/html/chunk1_35c9585e5f79ce62a289bea53429aec9.rdx’
  ‘vignettes/NADIA_basic_usage_cache/html/chunk2_1773ff80fe508779ddc0da8eb9723d9a.RData’
  ‘vignettes/NADIA_basic_usage_cache/html/chunk2_1773ff80fe508779ddc0da8eb9723d9a.rdx’
  ‘vignettes/NADIA_basic_usage_cache/html/chunk3_cd0884cc138882b97d8c713f8706ac58.RData’
  ‘vignettes/NADIA_basic_usage_cache/html/chunk3_cd0884cc138882b97d8c713f8706ac58.rdx’
  ‘vignettes/NADIA_basic_usage_cache/html/chunk4_908ecfa38b2fe694b232c6ebc6b55851.RData’
  ‘vignettes/NADIA_basic_usage_cache/html/chunk4_908ecfa38b2fe694b232c6ebc6b55851.rdx’
  ‘vignettes/NADIA_basic_usage_cache/html/unnamed-chunk-4_403ab8b532d0beeb6631d5bb64b2063f.RData’
  ‘vignettes/NADIA_basic_usage_cache/html/unnamed-chunk-4_403ab8b532d0beeb6631d5bb64b2063f.rdx’
Such files are only readable in R >= 3.5.0.
Recreate them with R < 3.5.0 or save(version = 2) or saveRDS(version =
2) as appropriate
* checking whether package ‘NADIA’ can be installed ... OK
* checking installed package size ... OK
* checking package directory ... OK
* checking for future file timestamps ... OK
* checking DESCRIPTION meta-information ... NOTE
Checking should be performed on sources prepared by ‘R CMD build’.
* checking top-level files ... NOTE
Non-standard file/directory found at top level:
  ‘NADIA.Rproj’
* checking for left-over files ... OK
* checking index information ... OK
* checking package subdirectories ... OK
* checking R files for non-ASCII characters ... OK
* checking R files for syntax errors ... OK
* checking whether the package can be loaded ... OK
* checking whether the package can be loaded with stated dependencies ... OK
* checking whether the package can be unloaded cleanly ... OK
* checking whether the namespace can be loaded with stated dependencies ... OK
* checking whether the namespace can be unloaded cleanly ... OK
* checking loading without being on the library search path ... OK
* checking use of S3 registration ... OK
* checking dependencies in R code ... OK
* checking S3 generic/method consistency ... OK
* checking replacement functions ... OK
* checking foreign function calls ... OK
* checking R code for possible problems ... OK
* checking Rd files ... OK
* checking Rd metadata ... OK
* checking Rd line widths ... OK
* checking Rd cross-references ... OK
* checking for missing documentation entries ... OK
* checking for code/documentation mismatches ... OK
* checking Rd \usage sections ... OK
* checking Rd contents ... OK
* checking for unstated dependencies in examples ... OK
* checking files in ‘vignettes’ ... WARNING
Files in the 'vignettes' directory but no files in 'inst/doc':
  ‘NADIA_basic_usage.Rmd’, ‘NADIA_basic_usage_cache/html/__packages’,
    ‘NADIA_basic_usage_cache/html/chunk1_35c9585e5f79ce62a289bea53429aec9.RData’,
    ‘NADIA_basic_usage_cache/html/chunk1_35c9585e5f79ce62a289bea53429aec9.rdb’,
    ‘NADIA_basic_usage_cache/html/chunk1_35c9585e5f79ce62a289bea53429aec9.rdx’,
    ‘NADIA_basic_usage_cache/html/chunk2_1773ff80fe508779ddc0da8eb9723d9a.RData’,
    ‘NADIA_basic_usage_cache/html/chunk2_1773ff80fe508779ddc0da8eb9723d9a.rdb’,
    ‘NADIA_basic_usage_cache/html/chunk2_1773ff80fe508779ddc0da8eb9723d9a.rdx’,
    ‘NADIA_basic_usage_cache/html/chunk3_cd0884cc138882b97d8c713f8706ac58.RData’,
    ‘NADIA_basic_usage_cache/html/chunk3_cd0884cc138882b97d8c713f8706ac58.rdb’,
    ‘NADIA_basic_usage_cache/html/chunk3_cd0884cc138882b97d8c713f8706ac58.rdx’,
    ‘NADIA_basic_usage_cache/html/chunk4_908ecfa38b2fe694b232c6ebc6b55851.RData’,
    ‘NADIA_basic_usage_cache/html/chunk4_908ecfa38b2fe694b232c6ebc6b55851.rdb’,
    ‘NADIA_basic_usage_cache/html/chunk4_908ecfa38b2fe694b232c6ebc6b55851.rdx’,
    ‘NADIA_basic_usage_cache/html/unnamed-chunk-4_403ab8b532d0beeb6631d5bb64b2063f.RData’,
    ‘NADIA_basic_usage_cache/html/unnamed-chunk-4_403ab8b532d0beeb6631d5bb64b2063f.rdb’,
    ‘NADIA_basic_usage_cache/html/unnamed-chunk-4_403ab8b532d0beeb6631d5bb64b2063f.rdx’,
    ‘diagram.png’
* checking examples ... OK
* checking for unstated dependencies in ‘tests’ ... OK
* checking tests ... OK
  Running ‘testthat.R’ [64s/61s]
* checking for unstated dependencies in vignettes ... OK
* checking package vignettes in ‘inst/doc’ ... WARNING
dir.exists(dir) is not TRUE
Package vignette without corresponding single PDF/HTML:
   ‘NADIA_basic_usage.Rmd’

* checking re-building of vignette outputs ... OK
* checking PDF version of manual ... OK
* checking for detritus in the temp directory ... OK
* DONE
Status: 3 WARNINGs, 4 NOTEs
