Hmm ... looks like a package
This is pdfTeX, Version 3.14159265-2.6-1.40.21 (TeX Live 2020) (preloaded format=pdflatex)
 restricted \write18 enabled.
entering extended mode
(./Rd2.tex
LaTeX2e <2020-02-02> patch level 5
L3 programming layer <2020-05-15>
(/home/jan/.TinyTeX/texmf-dist/tex/latex/base/book.cls
Document Class: book 2019/12/20 v1.4l Standard LaTeX document class
(/home/jan/.TinyTeX/texmf-dist/tex/latex/base/bk10.clo))
(/usr/share/R/share/texmf/tex/latex/Rd.sty
(/home/jan/.TinyTeX/texmf-dist/tex/latex/base/ifthen.sty)
(/home/jan/.TinyTeX/texmf-dist/tex/latex/tools/longtable.sty)
(/home/jan/.TinyTeX/texmf-dist/tex/latex/tools/bm.sty)
(/home/jan/.TinyTeX/texmf-dist/tex/latex/base/alltt.sty)
(/home/jan/.TinyTeX/texmf-dist/tex/latex/tools/verbatim.sty)
(/home/jan/.TinyTeX/texmf-dist/tex/latex/url/url.sty)
(/home/jan/.TinyTeX/texmf-dist/tex/latex/base/textcomp.sty))
(/home/jan/.TinyTeX/texmf-dist/tex/latex/base/inputenc.sty)
(/home/jan/.TinyTeX/texmf-dist/tex/latex/l3backend/l3backend-pdfmode.def)
No file Rd2.aux.

LaTeX Font Warning: Font shape `OML/cmtt/m/n' undefined
(Font)              using `OML/cmm/m/it' instead
(Font)              for symbol `textless' on input line 20.

No file Rd2.toc.
[1{/home/jan/.TinyTeX/texmf-var/fonts/map/pdftex/updmap/pdftex.map}]
Overfull \hbox (0.35706pt too wide) in paragraph at lines 79--80
[]\OT1/cmr/m/n/10 parameter pass to amelia func-tion as em-pir in Amelia == em-
pir*nrow(df).
[2]
Overfull \hbox (34.75089pt too wide) in paragraph at lines 108--108
 []    \OT1/cmtt/m/n/9 f = as.factor(sample(c("male", "female", "trans", "other
", NA), 1000, replace = TRUE)))[] 
[3] [4] [5] [6]
Underfull \hbox (badness 10000) in paragraph at lines 302--304


Overfull \hbox (34.75089pt too wide) in paragraph at lines 324--324
 []    \OT1/cmtt/m/n/9 f = as.factor(sample(c("male", "female", "trans", "other
", NA), 1000, replace = TRUE)))[] 
[7]
Overfull \hbox (34.75089pt too wide) in paragraph at lines 335--335
 []  \OT1/cmtt/m/n/9 imp_data <- autotune_missForest(raw_data, col_type, percen
t_of_missing, optimize = FALSE)[] 
[8]
Overfull \hbox (34.75089pt too wide) in paragraph at lines 414--414
 []    \OT1/cmtt/m/n/9 f = as.factor(sample(c("male", "female", "trans", "other
", NA), 1000, replace = TRUE)))[] 
[9]
Overfull \hbox (60.87459pt too wide) in paragraph at lines 472--473
[]\OT1/cmr/m/n/10 This re-stricts the rank of the so-lu-tion. De-foult 2 if set
 as NULL rank.max=min(dim(X))-
[10]
Overfull \hbox (25.57689pt too wide) in paragraph at lines 493--494
\OT1/cmr/m/n/10 Soft-Thresholded SVD. R pack-age ver-sion 1.4. https://CRAN.R-p
roject.org/package=softImpute 

Overfull \hbox (34.75089pt too wide) in paragraph at lines 505--505
 []    \OT1/cmtt/m/n/9 f = as.factor(sample(c("male", "female", "trans", "other
", NA), 1000, replace = TRUE)))[] 
[11]
Overfull \hbox (14.27731pt too wide) in paragraph at lines 533--533
 []\OT1/cmtt/m/n/10 autotune_VIM_hotdeck(df, percent_of_missing, col_0_1 = FALS
E, out_file = NULL)[] 

Overfull \hbox (34.75089pt too wide) in paragraph at lines 566--566
 []    \OT1/cmtt/m/n/9 f = as.factor(sample(c("male", "female", "trans", "other
", NA), 1000, replace = TRUE)))[] 
[12] [13]
Overfull \hbox (34.75089pt too wide) in paragraph at lines 657--657
 []    \OT1/cmtt/m/n/9 f = as.factor(sample(c("male", "female", "trans", "other
", NA), 1000, replace = TRUE)))[] 
[14] [15]
Overfull \hbox (34.75089pt too wide) in paragraph at lines 730--730
 []    \OT1/cmtt/m/n/9 f = as.factor(sample(c("male", "female", "trans", "other
", NA), 1000, replace = TRUE)))[] 
[16] [17]
Overfull \hbox (34.75089pt too wide) in paragraph at lines 817--817
 []    \OT1/cmtt/m/n/9 f = as.factor(sample(c("male", "female", "trans", "other
", NA), 1000, replace = TRUE)))[] 
[18]
Overfull \hbox (80.91045pt too wide) in paragraph at lines 894--895
\OT1/cmr/m/n/10 Chained Equa-tions in R. Jour-nal of Sta-tis-ti-cal Soft-ware, 
45(3), 1-67. URL https://www.jstatsoft.org/v45/i03/. 
[19] [20] [21]
Overfull \hbox (41.56506pt too wide) in paragraph at lines 1047--1048
[]\OT1/cmr/m/n/10 Retrun one im-puted data.frame if retrun[]one=True or list of
 im-puted data.frames if retrun[]one=False. 

Overfull \hbox (24.29115pt too wide) in paragraph at lines 1051--1052
\OT1/cmr/m/n/10 Mul-ti-vari-ate Data Anal-y-sis. Jour-nal of Sta-tis-ti-cal Sof
t-ware, 70(1), 1-31. doi:10.18637/jss.v070.i01 

Overfull \hbox (34.75089pt too wide) in paragraph at lines 1063--1063
 []    \OT1/cmtt/m/n/9 f = as.factor(sample(c("male", "female", "trans", "other
", NA), 1000, replace = TRUE)))[] 

Overfull \hbox (58.37561pt too wide) in paragraph at lines 1074--1074
 []  \OT1/cmtt/m/n/9 imp_data <- missMDA_FMAD_MCA_PCA(raw_data, col_type, perce
nt_of_missing, optimize_ncp = FALSE)[] 
[22] [23]
Overfull \hbox (24.29115pt too wide) in paragraph at lines 1142--1143
\OT1/cmr/m/n/10 Mul-ti-vari-ate Data Anal-y-sis. Jour-nal of Sta-tis-ti-cal Sof
t-ware, 70(1), 1-31. doi:10.18637/jss.v070.i01 

Overfull \hbox (34.75089pt too wide) in paragraph at lines 1154--1154
 []    \OT1/cmtt/m/n/9 f = as.factor(sample(c("male", "female", "trans", "other
", NA), 1000, replace = TRUE)))[] 
[24]
Underfull \hbox (badness 10000) in paragraph at lines 1187--1188

(/home/jan/.TinyTeX/texmf-dist/tex/latex/base/ts1cmtt.fd) [25]
! Undefined control sequence.
l.1230 \hypertarget
                   {method-new}{}
! Undefined control sequence.
l.1253 \hypertarget
                   {method-clone}{}

Underfull \hbox (badness 10000) in paragraph at lines 1304--1305

[26]
! Undefined control sequence.
l.1333 \hypertarget
                   {method-new}{}
! Undefined control sequence.
l.1347 \hypertarget
                   {method-clone}{}
[27]
Underfull \hbox (badness 10000) in paragraph at lines 1398--1399

! Undefined control sequence.
l.1427 \hypertarget
                   {method-new}{}
! Undefined control sequence.
l.1441 \hypertarget
                   {method-clone}{}
[28]
Underfull \hbox (badness 10000) in paragraph at lines 1492--1493

! Undefined control sequence.
l.1521 \hypertarget
                   {method-new}{}
! Undefined control sequence.
l.1535 \hypertarget
                   {method-clone}{}
[29]
Underfull \hbox (badness 10000) in paragraph at lines 1588--1589


Overfull \hbox (17.36496pt too wide) in paragraph at lines 1597--1599
\OT1/cmr/m/n/10 Cor-re-la-tion or frac-tion of fea-tures used when op-ti-mize=F
ALSE. When cor-re-la-tion=FALSE,
[30]
! Undefined control sequence.
l.1639 \hypertarget
                   {method-new}{}
[31]
! Undefined control sequence.
l.1667 \hypertarget
                   {method-clone}{}

Underfull \hbox (badness 10000) in paragraph at lines 1724--1725

[32]
Overfull \hbox (17.36496pt too wide) in paragraph at lines 1733--1735
\OT1/cmr/m/n/10 Cor-re-la-tion or frac-tion of fea-tures used when op-ti-mize=F
ALSE. When cor-re-la-tion=FALSE,
! Undefined control sequence.
l.1763 \hypertarget
                   {method-new}{}
! Undefined control sequence.
l.1785 \hypertarget
                   {method-clone}{}
[33]
Overfull \hbox (12.56055pt too wide) in paragraph at lines 1828--1829
[]\OT1/cmr/m/n/10 Implements miss-For-est meth-ods as mlr3 pipeline more about 
miss-For-est \OT1/cmtt/m/n/10 autotune[]missForest 

Underfull \hbox (badness 10000) in paragraph at lines 1838--1839

[34]
! Undefined control sequence.
l.1887 \hypertarget
                   {method-new}{}
! Undefined control sequence.
l.1913 \hypertarget
                   {method-clone}{}
[35]
Underfull \hbox (badness 10000) in paragraph at lines 1968--1969

[36]
! Undefined control sequence.
l.2011 \hypertarget
                   {method-new}{}
! Undefined control sequence.
l.2034 \hypertarget
                   {method-clone}{}

Overfull \hbox (52.11952pt too wide) in paragraph at lines 2078--2079
[]\OT1/cmr/m/n/10 Implements PCA, MCA, FMAD meth-ods as mlr3 pipeline, more abo
ut meth-ods \OT1/cmtt/m/n/10 missMDA[]FMAD[]MCA[]PCA\OT1/cmr/m/n/10 . 
[37]
Underfull \hbox (badness 10000) in paragraph at lines 2088--2089


Overfull \hbox (38.64723pt too wide) in paragraph at lines 2117--2118
[]\OT1/cmtt/m/n/10 mlr3pipelines::PipeOp \OT1/cmr/m/n/10 -> \OT1/cmtt/m/n/10 ml
r3pipelines::PipeOpImpute \OT1/cmr/m/n/10 -> \OT1/cmtt/m/n/10 missMDA[]MCA[]PCA
[]FMAD[]imputation 
[38]
! Undefined control sequence.
l.2135 \hypertarget
                   {method-new}{}
! Undefined control sequence.
l.2160 \hypertarget
                   {method-clone}{}

Overfull \hbox (25.301pt too wide) in paragraph at lines 2190--2190
 []  \OT1/cmtt/m/n/9 graph <- PipeOpMissMDA_PCA_MCA_FMAD$new() %>>% mlr3learner
s::LearnerClassifGlmnet$new()[] 

Overfull \hbox (27.11615pt too wide) in paragraph at lines 2203--2204
[]\OT1/cmr/m/n/10 Implements mis-s-Ranger meth-ods as mlr3 pipeline, more about
 mis-s-Ranger \OT1/cmtt/m/n/10 autotune[]missRanger\OT1/cmr/m/n/10 . 
[39]
Underfull \hbox (badness 10000) in paragraph at lines 2213--2214

[40]
! Undefined control sequence.
l.2256 \hypertarget
                   {method-new}{}
! Undefined control sequence.
l.2280 \hypertarget
                   {method-clone}{}
[41]
Underfull \hbox (badness 10000) in paragraph at lines 2334--2335

! Undefined control sequence.
l.2363 \hypertarget
                   {method-new}{}
! Undefined control sequence.
l.2377 \hypertarget
                   {method-clone}{}
[42]
Underfull \hbox (badness 10000) in paragraph at lines 2430--2431

! Undefined control sequence.
l.2459 \hypertarget
                   {method-new}{}
! Undefined control sequence.
l.2473 \hypertarget
                   {method-clone}{}
[43]
Underfull \hbox (badness 10000) in paragraph at lines 2526--2527

! Undefined control sequence.
l.2555 \hypertarget
                   {method-new}{}
[44]
! Undefined control sequence.
l.2569 \hypertarget
                   {method-clone}{}
[45]
Overfull \hbox (23.52742pt too wide) in paragraph at lines 2639--2640
[]\OT1/cmtt/m/n/10 mlr3pipelines::PipeOp \OT1/cmr/m/n/10 -> \OT1/cmtt/m/n/10 ml
r3pipelines::PipeOpTaskPreproc \OT1/cmr/m/n/10 -> \OT1/cmtt/m/n/10 PipeOpSimula
teMissings 
! Undefined control sequence.
l.2657 \hypertarget
                   {method-new}{}
! Undefined control sequence.
l.2674 \hypertarget
                   {method-clone}{}
[46]
Overfull \hbox (24.33847pt too wide) in paragraph at lines 2715--2716
[]\OT1/cmr/m/n/10 Implements Soft-Im-pute meth-ods as mlr3 pipeline, more about
 Soft-Im-pute \OT1/cmtt/m/n/10 autotune[]softImpute\OT1/cmr/m/n/10 . 

Underfull \hbox (badness 10000) in paragraph at lines 2725--2726


Overfull \hbox (5.30017pt too wide) in paragraph at lines 2730--2732
\OT1/cmr/m/n/10 Nuclear-norm reg-u-lar-iza-tion pa-ram-e-ter. If lambda=0, the 
al-go-rithm re-verts to "hardIm-
(/usr/share/R/share/texmf/tex/latex/omscmtt.fd) [47]
! Undefined control sequence.
l.2768 \hypertarget
                   {method-new}{}
! Undefined control sequence.
l.2791 \hypertarget
                   {method-clone}{}

Overfull \hbox (3.71716pt too wide) in paragraph at lines 2834--2835
[]\OT1/cmr/m/n/10 Implements Hot Deck meth-ods as mlr3 pipeline more about VIM[
]HD \OT1/cmtt/m/n/10 autotune[]VIM[]hotdeck 
[48]
Underfull \hbox (badness 10000) in paragraph at lines 2844--2845

! Undefined control sequence.
l.2875 \hypertarget
                   {method-new}{}
! Undefined control sequence.
l.2889 \hypertarget
                   {method-clone}{}
[49]
Underfull \hbox (badness 10000) in paragraph at lines 2942--2943

[50]
! Undefined control sequence.
l.2985 \hypertarget
                   {method-new}{}
! Undefined control sequence.
l.3008 \hypertarget
                   {method-clone}{}
[51]
Underfull \hbox (badness 10000) in paragraph at lines 3061--3062

! Undefined control sequence.
l.3098 \hypertarget
                   {method-new}{}
[52]
! Undefined control sequence.
l.3118 \hypertarget
                   {method-clone}{}

Overfull \hbox (39.08948pt too wide) in paragraph at lines 3161--3162
[]\OT1/cmr/m/n/10 Implements Re-gres-sion Im-pu-ta-tion meth-ods as mlr3 pipeli
ne, more about RI \OT1/cmtt/m/n/10 autotune[]VIM[]regrImp\OT1/cmr/m/n/10 . 

Underfull \hbox (badness 10000) in paragraph at lines 3171--3172

[53]
! Undefined control sequence.
l.3208 \hypertarget
                   {method-new}{}
! Undefined control sequence.
l.3228 \hypertarget
                   {method-clone}{}
[54]
Overfull \hbox (21.77017pt too wide) in paragraph at lines 3300--3301
[]\OT1/cmr/m/n/10 first prod-uct of for-mula[]creating() fun-tion. For ex-am-pl
e for-mula[]creating(...)[1] 
[55] [56] [57] (./Rd2.aux)

LaTeX Font Warning: Some font shapes were not available, defaults substituted.

 )
(see the transcript file for additional information) </home/jan/.TinyTeX/texmf-
var/fonts/pk/ljfour/jknappen/ec/tctt1000.600pk> </home/jan/.TinyTeX/texmf-var/f
onts/pk/ljfour/jknappen/ec/tcrm1000.600pk></home/jan/.TinyTeX/texmf-dist/fonts/
type1/public/amsfonts/cm/cmbx10.pfb></home/jan/.TinyTeX/texmf-dist/fonts/type1/
public/amsfonts/cm/cmbx12.pfb></home/jan/.TinyTeX/texmf-dist/fonts/type1/public
/amsfonts/cm/cmmi10.pfb></home/jan/.TinyTeX/texmf-dist/fonts/type1/public/amsfo
nts/cm/cmr10.pfb></home/jan/.TinyTeX/texmf-dist/fonts/type1/public/amsfonts/cm/
cmr12.pfb></home/jan/.TinyTeX/texmf-dist/fonts/type1/public/amsfonts/cm/cmr6.pf
b></home/jan/.TinyTeX/texmf-dist/fonts/type1/public/amsfonts/cm/cmr7.pfb></home
/jan/.TinyTeX/texmf-dist/fonts/type1/public/amsfonts/cm/cmsl10.pfb></home/jan/.
TinyTeX/texmf-dist/fonts/type1/public/amsfonts/cm/cmss12.pfb></home/jan/.TinyTe
X/texmf-dist/fonts/type1/public/amsfonts/cm/cmsy10.pfb></home/jan/.TinyTeX/texm
f-dist/fonts/type1/public/amsfonts/cm/cmti10.pfb></home/jan/.TinyTeX/texmf-dist
/fonts/type1/public/amsfonts/cm/cmtt10.pfb></home/jan/.TinyTeX/texmf-dist/fonts
/type1/public/amsfonts/cm/cmtt8.pfb></home/jan/.TinyTeX/texmf-dist/fonts/type1/
public/amsfonts/cm/cmtt9.pfb>
Output written on Rd2.pdf (57 pages, 270096 bytes).
Transcript written on Rd2.log.
Error in texi2dvi(file = file, pdf = TRUE, clean = clean, quiet = quiet,  : 
  nie można uruchomić polecenia 'pdflatex' na pliku 'Rd2.tex'
LaTeX errors:
! Undefined control sequence.
l.1230 \hypertarget
                   {method-new}{}
The control sequence at the end of the top line
of your error message was never \def'ed. If you have
! Undefined control sequence.
l.1253 \hypertarget
                   {method-clone}{}
The control sequence at the end of the top line
of your error message was never \def'ed. If you have
! Undefined control sequence.
l.1333 \hypertarget
                   {method-new}{}
The control sequence at the end of the top line
of your error message was never \def'ed. If you have
! Undefined control sequence.
l.1347 \hypertarget
                   {method-clone}{}
The control sequence at the end of the top line
of your error message was never \def'ed. If you have
! Undefined control sequence.
l.1427 \hypertarget
                   {method-new}{}
The control sequence at the end of the top line
of your error message was never \def'ed. If you have
! Undefined control sequence.
l.1441 \hypertarget
                   {method-clone}{}
The control sequence at the end of the top line
of your error message was never \def'ed. If you have
! Undefined control sequence.
l.1521 \hypertarget
                   {method-new}{}
The control sequence at the end of the top line
of your error message was never \def'ed. If you have
! Undefined control sequence.
l.1535 \hypertarget
                   {method-clone}{}
The control sequence at the end of the top line
of your error message was never \def'ed. If you have
! Undefined control sequence.
l.1639 \hypertarget
                   {method-new}{}
The control sequence at the end of the top line
of your error message was never \def'ed. If you have
! Undefined control sequence.
l.1667 \hypertarget
                   {method-clone}{}
The control sequence at the end of the top line
of your error message was never \def'ed. If you have
! Undefined control sequence.
l.1763 \hypertarget
                   {method-new}{}
The control sequence at the end of the top line
of your error message was never \def'ed. If you have
! Undefined control sequence.
l.1785 \hypertarget
                   {method-clone}{}
The control sequence at the end of the top line
of your error message was never \def'ed. If you have
! Undefined control sequence.
l.1887 \hypertarget
                   {method-new}{}
The control sequence at the end of the top line
of your error message was never \def'ed. If you have
! Undefined control sequence.
l.1913 \hypertarget
                   {method-clone}{}
The control sequence at the end of the top line
of your error message was never \def'ed. If you have
! Undefined control sequence.
l.2011 \hypertarget
                   {method-new}{}
The control sequence at the end of the top line
of your error message was never \def'ed. If you have
! Undefined control sequence.
l.2034 \hypertarget
                   {method-clone}{}
The control sequence at the end of the top line
of your error message was never \def'ed. If you have
! Undefined control sequence.
l.2135 \hypertarget
                   {method-new}{}
The control sequence at the end of the top line
of your error message was never \def'ed. If you have
! Undefined control sequence.
l.2160 \hypertarget
                   {method-clone}{}
The control sequence at the end of the top line
of your error message was never \def'ed. If you have
! Undefined control sequence.
l.2256 \hypertarget
                   {method-new}{}
The control sequence at the end of the top line
of your error message was never \def'ed. If you have
! Undefined control sequence.
l.2280 \hypertarget
                   {method-clone}{}
The control sequence at the end of the top line
of your error message was never \def'ed. If you have
! Undefined control sequence.
l.2363 \hypertarget
                   {method-new}{}
The control sequence at the end of the top line
of your error message was never \def'ed. If you have
! Undefined control sequence.
l.2377 \hypertarget
                   {method-clone}{}
The control sequence at the end of the top line
of your error message was never \def'ed. If you have
! Undefined control sequence.
l.2459 \hypertarget
                   {method-new}{}
The control sequence at the end of the top line
of your error message was never \def'ed. If you have
! Undefined control sequence.
l.2473 \hypertarget
                   {method-clone}{}
The control sequence at the end of the top line
of your error message was never \def'ed. If you have
! Undefined control sequence.
l.2555 \hypertarget
                   {method-new}{}
The control sequence at the end of the top line
of your error message was never \def'ed. If you have
! Undefined control sequence.
l.2569 \hypertarget
                   {method-clone}{}
The control sequence at the end of the top line
of your error message was never \def'ed. If you have
! Undefined control sequence.
l.2657 \hypertarget
                   {method-new}{}
The control sequence at the end of the top line
of your error message was never \def'ed. If you have
! Undefined control sequence.
l.2674 \hypertarget
                   {method-clone}{}
The control sequence at the end of the top line
of your error message was never \def'ed. If you have
! Undefined control sequence.
l.2768 \hypertarget
                   {method-new}{}
The control sequence at the end of the top line
of your error message was never \def'ed. If you have
! Undefined control sequence.
l.2791 \hypertarget
                   {method-clone}{}
The control sequence at the end of the top line
of your error message was never \def'ed. If you have
! Undefined control sequence.
l.2875 \hypertarget
                   {method-new}{}
The control sequence at the end of the top line
of your error message was never \def'ed. If you have
! Undefined control sequence.
l.2889 \hypertarget
                   {method-clone}{}
The control sequence at the end of the top line
of your error message was never \def'ed. If you have
! Undefined control sequence.
l.2985 \hypertarget
                   {method-new}{}
The control sequence at the end of the top line
of your error message was never \def'ed. If you have
! Undefined control sequence.
l.3008 \hypertarget
                   {method-clone}{}
The control sequence at the end of the top line
of your error message was never \def'ed. If you have
! Undefined control sequence.
l.3098 \hypertarget
                   {method-new}{}
The control sequence at the end of the top line
of your error message was never \def'ed. If you have
! Undefined control sequence.
l.3118 \hypertarget
                   {method-clone}{}
The control sequence at the end of the top line
of your error message was never \def'ed. If you have
! Undefined control sequence.
l.3208 \hypertarget
                   {method-new}{}
The control sequence at the end of the top line
of your error message was never \def'ed. If you have
! Undefined control sequence.
l.3228 \hypertarget
                   {method-clone}{}
The control sequence at the end of the top line
of your error message was never \def'ed. If you have
This is pdfTeX, Version 3.14159265-2.6-1.40.21 (TeX Live 2020) (preloaded format=pdflatex)
 restricted \write18 enabled.
entering extended mode
(./Rd2.tex
LaTeX2e <2020-02-02> patch level 5
L3 programming layer <2020-05-15>
(/home/jan/.TinyTeX/texmf-dist/tex/latex/base/book.cls
Document Class: book 2019/12/20 v1.4l Standard LaTeX document class
(/home/jan/.TinyTeX/texmf-dist/tex/latex/base/bk10.clo))
(/usr/share/R/share/texmf/tex/latex/Rd.sty
(/home/jan/.TinyTeX/texmf-dist/tex/latex/base/ifthen.sty)
(/home/jan/.TinyTeX/texmf-dist/tex/latex/tools/longtable.sty)
(/home/jan/.TinyTeX/texmf-dist/tex/latex/tools/bm.sty)
(/home/jan/.TinyTeX/texmf-dist/tex/latex/base/alltt.sty)
(/home/jan/.TinyTeX/texmf-dist/tex/latex/tools/verbatim.sty)
(/home/jan/.TinyTeX/texmf-dist/tex/latex/url/url.sty)
(/home/jan/.TinyTeX/texmf-dist/tex/latex/base/textcomp.sty))
(/home/jan/.TinyTeX/texmf-dist/tex/latex/base/inputenc.sty)
(/home/jan/.TinyTeX/texmf-dist/tex/latex/l3backend/l3backend-pdfmode.def)
(./Rd2.aux)

LaTeX Font Warning: Font shape `OML/cmtt/m/n' undefined
(Font)              using `OML/cmm/m/it' instead
(Font)              for symbol `textless' on input line 20.

(./Rd2.toc [1{/home/jan/.TinyTeX/texmf-var/fonts/map/pdftex/updmap/pdftex.map}]
) [2]
Overfull \hbox (0.35706pt too wide) in paragraph at lines 79--80
[]\OT1/cmr/m/n/10 parameter pass to amelia func-tion as em-pir in Amelia == em-
pir*nrow(df).
[3]
Overfull \hbox (34.75089pt too wide) in paragraph at lines 108--108
 []    \OT1/cmtt/m/n/9 f = as.factor(sample(c("male", "female", "trans", "other
", NA), 1000, replace = TRUE)))[] 
[4] [5] [6]
Underfull \hbox (badness 10000) in paragraph at lines 302--304

[7]
Overfull \hbox (34.75089pt too wide) in paragraph at lines 324--324
 []    \OT1/cmtt/m/n/9 f = as.factor(sample(c("male", "female", "trans", "other
", NA), 1000, replace = TRUE)))[] 

Overfull \hbox (34.75089pt too wide) in paragraph at lines 335--335
 []  \OT1/cmtt/m/n/9 imp_data <- autotune_missForest(raw_data, col_type, percen
t_of_missing, optimize = FALSE)[] 
[8] [9]
Overfull \hbox (34.75089pt too wide) in paragraph at lines 414--414
 []    \OT1/cmtt/m/n/9 f = as.factor(sample(c("male", "female", "trans", "other
", NA), 1000, replace = TRUE)))[] 
[10]
Overfull \hbox (60.87459pt too wide) in paragraph at lines 472--473
[]\OT1/cmr/m/n/10 This re-stricts the rank of the so-lu-tion. De-foult 2 if set
 as NULL rank.max=min(dim(X))-

Overfull \hbox (25.57689pt too wide) in paragraph at lines 493--494
\OT1/cmr/m/n/10 Soft-Thresholded SVD. R pack-age ver-sion 1.4. https://CRAN.R-p
roject.org/package=softImpute 
[11]
Overfull \hbox (34.75089pt too wide) in paragraph at lines 505--505
 []    \OT1/cmtt/m/n/9 f = as.factor(sample(c("male", "female", "trans", "other
", NA), 1000, replace = TRUE)))[] 

Overfull \hbox (14.27731pt too wide) in paragraph at lines 533--533
 []\OT1/cmtt/m/n/10 autotune_VIM_hotdeck(df, percent_of_missing, col_0_1 = FALS
E, out_file = NULL)[] 
[12]
Overfull \hbox (34.75089pt too wide) in paragraph at lines 566--566
 []    \OT1/cmtt/m/n/9 f = as.factor(sample(c("male", "female", "trans", "other
", NA), 1000, replace = TRUE)))[] 
[13] [14]
Overfull \hbox (34.75089pt too wide) in paragraph at lines 657--657
 []    \OT1/cmtt/m/n/9 f = as.factor(sample(c("male", "female", "trans", "other
", NA), 1000, replace = TRUE)))[] 
[15]
Overfull \hbox (34.75089pt too wide) in paragraph at lines 730--730
 []    \OT1/cmtt/m/n/9 f = as.factor(sample(c("male", "female", "trans", "other
", NA), 1000, replace = TRUE)))[] 
[16] [17]
Overfull \hbox (34.75089pt too wide) in paragraph at lines 817--817
 []    \OT1/cmtt/m/n/9 f = as.factor(sample(c("male", "female", "trans", "other
", NA), 1000, replace = TRUE)))[] 
[18] [19]
Overfull \hbox (80.91045pt too wide) in paragraph at lines 894--895
\OT1/cmr/m/n/10 Chained Equa-tions in R. Jour-nal of Sta-tis-ti-cal Soft-ware, 
45(3), 1-67. URL https://www.jstatsoft.org/v45/i03/. 
[20] [21]
Overfull \hbox (41.56506pt too wide) in paragraph at lines 1047--1048
[]\OT1/cmr/m/n/10 Retrun one im-puted data.frame if retrun[]one=True or list of
 im-puted data.frames if retrun[]one=False. 

Overfull \hbox (24.29115pt too wide) in paragraph at lines 1051--1052
\OT1/cmr/m/n/10 Mul-ti-vari-ate Data Anal-y-sis. Jour-nal of Sta-tis-ti-cal Sof
t-ware, 70(1), 1-31. doi:10.18637/jss.v070.i01 
[22]
Overfull \hbox (34.75089pt too wide) in paragraph at lines 1063--1063
 []    \OT1/cmtt/m/n/9 f = as.factor(sample(c("male", "female", "trans", "other
", NA), 1000, replace = TRUE)))[] 

Overfull \hbox (58.37561pt too wide) in paragraph at lines 1074--1074
 []  \OT1/cmtt/m/n/9 imp_data <- missMDA_FMAD_MCA_PCA(raw_data, col_type, perce
nt_of_missing, optimize_ncp = FALSE)[] 
[23]
Overfull \hbox (24.29115pt too wide) in paragraph at lines 1142--1143
\OT1/cmr/m/n/10 Mul-ti-vari-ate Data Anal-y-sis. Jour-nal of Sta-tis-ti-cal Sof
t-ware, 70(1), 1-31. doi:10.18637/jss.v070.i01 
[24]
Overfull \hbox (34.75089pt too wide) in paragraph at lines 1154--1154
 []    \OT1/cmtt/m/n/9 f = as.factor(sample(c("male", "female", "trans", "other
", NA), 1000, replace = TRUE)))[] 

Underfull \hbox (badness 10000) in paragraph at lines 1187--1188

[25] (/home/jan/.TinyTeX/texmf-dist/tex/latex/base/ts1cmtt.fd)
! Undefined control sequence.
l.1230 \hypertarget
                   {method-new}{}
! Undefined control sequence.
l.1253 \hypertarget
                   {method-clone}{}
[26]
Underfull \hbox (badness 10000) in paragraph at lines 1304--1305

! Undefined control sequence.
l.1333 \hypertarget
                   {method-new}{}
[27]
! Undefined control sequence.
l.1347 \hypertarget
                   {method-clone}{}

Underfull \hbox (badness 10000) in paragraph at lines 1398--1399

[28]
! Undefined control sequence.
l.1427 \hypertarget
                   {method-new}{}
! Undefined control sequence.
l.1441 \hypertarget
                   {method-clone}{}

Underfull \hbox (badness 10000) in paragraph at lines 1492--1493

[29]
! Undefined control sequence.
l.1521 \hypertarget
                   {method-new}{}
! Undefined control sequence.
l.1535 \hypertarget
                   {method-clone}{}

Underfull \hbox (badness 10000) in paragraph at lines 1588--1589

[30]
Overfull \hbox (17.36496pt too wide) in paragraph at lines 1597--1599
\OT1/cmr/m/n/10 Cor-re-la-tion or frac-tion of fea-tures used when op-ti-mize=F
ALSE. When cor-re-la-tion=FALSE,
[31]
! Undefined control sequence.
l.1639 \hypertarget
                   {method-new}{}
! Undefined control sequence.
l.1667 \hypertarget
                   {method-clone}{}
[32]
Underfull \hbox (badness 10000) in paragraph at lines 1724--1725


Overfull \hbox (17.36496pt too wide) in paragraph at lines 1733--1735
\OT1/cmr/m/n/10 Cor-re-la-tion or frac-tion of fea-tures used when op-ti-mize=F
ALSE. When cor-re-la-tion=FALSE,
! Undefined control sequence.
l.1763 \hypertarget
                   {method-new}{}
[33]
! Undefined control sequence.
l.1785 \hypertarget
                   {method-clone}{}

Overfull \hbox (12.56055pt too wide) in paragraph at lines 1828--1829
[]\OT1/cmr/m/n/10 Implements miss-For-est meth-ods as mlr3 pipeline more about 
miss-For-est \OT1/cmtt/m/n/10 autotune[]missForest 

Underfull \hbox (badness 10000) in paragraph at lines 1838--1839

[34]
! Undefined control sequence.
l.1887 \hypertarget
                   {method-new}{}
[35]
! Undefined control sequence.
l.1913 \hypertarget
                   {method-clone}{}

Underfull \hbox (badness 10000) in paragraph at lines 1968--1969

[36]
! Undefined control sequence.
l.2011 \hypertarget
                   {method-new}{}
! Undefined control sequence.
l.2034 \hypertarget
                   {method-clone}{}
[37]
Overfull \hbox (52.11952pt too wide) in paragraph at lines 2078--2079
[]\OT1/cmr/m/n/10 Implements PCA, MCA, FMAD meth-ods as mlr3 pipeline, more abo
ut meth-ods \OT1/cmtt/m/n/10 missMDA[]FMAD[]MCA[]PCA\OT1/cmr/m/n/10 . 

Underfull \hbox (badness 10000) in paragraph at lines 2088--2089

[38]
Overfull \hbox (38.64723pt too wide) in paragraph at lines 2117--2118
[]\OT1/cmtt/m/n/10 mlr3pipelines::PipeOp \OT1/cmr/m/n/10 -> \OT1/cmtt/m/n/10 ml
r3pipelines::PipeOpImpute \OT1/cmr/m/n/10 -> \OT1/cmtt/m/n/10 missMDA[]MCA[]PCA
[]FMAD[]imputation 
! Undefined control sequence.
l.2135 \hypertarget
                   {method-new}{}
! Undefined control sequence.
l.2160 \hypertarget
                   {method-clone}{}
[39]
Overfull \hbox (25.301pt too wide) in paragraph at lines 2190--2190
 []  \OT1/cmtt/m/n/9 graph <- PipeOpMissMDA_PCA_MCA_FMAD$new() %>>% mlr3learner
s::LearnerClassifGlmnet$new()[] 

Overfull \hbox (27.11615pt too wide) in paragraph at lines 2203--2204
[]\OT1/cmr/m/n/10 Implements mis-s-Ranger meth-ods as mlr3 pipeline, more about
 mis-s-Ranger \OT1/cmtt/m/n/10 autotune[]missRanger\OT1/cmr/m/n/10 . 

Underfull \hbox (badness 10000) in paragraph at lines 2213--2214

[40]
! Undefined control sequence.
l.2256 \hypertarget
                   {method-new}{}
! Undefined control sequence.
l.2280 \hypertarget
                   {method-clone}{}
[41]
Underfull \hbox (badness 10000) in paragraph at lines 2334--2335

! Undefined control sequence.
l.2363 \hypertarget
                   {method-new}{}
! Undefined control sequence.
l.2377 \hypertarget
                   {method-clone}{}
[42]
Underfull \hbox (badness 10000) in paragraph at lines 2430--2431

! Undefined control sequence.
l.2459 \hypertarget
                   {method-new}{}
! Undefined control sequence.
l.2473 \hypertarget
                   {method-clone}{}
[43]
Underfull \hbox (badness 10000) in paragraph at lines 2526--2527

! Undefined control sequence.
l.2555 \hypertarget
                   {method-new}{}
[44]
! Undefined control sequence.
l.2569 \hypertarget
                   {method-clone}{}
[45]
Overfull \hbox (23.52742pt too wide) in paragraph at lines 2639--2640
[]\OT1/cmtt/m/n/10 mlr3pipelines::PipeOp \OT1/cmr/m/n/10 -> \OT1/cmtt/m/n/10 ml
r3pipelines::PipeOpTaskPreproc \OT1/cmr/m/n/10 -> \OT1/cmtt/m/n/10 PipeOpSimula
teMissings 
! Undefined control sequence.
l.2657 \hypertarget
                   {method-new}{}
! Undefined control sequence.
l.2674 \hypertarget
                   {method-clone}{}
[46]
Overfull \hbox (24.33847pt too wide) in paragraph at lines 2715--2716
[]\OT1/cmr/m/n/10 Implements Soft-Im-pute meth-ods as mlr3 pipeline, more about
 Soft-Im-pute \OT1/cmtt/m/n/10 autotune[]softImpute\OT1/cmr/m/n/10 . 

Underfull \hbox (badness 10000) in paragraph at lines 2725--2726


Overfull \hbox (5.30017pt too wide) in paragraph at lines 2730--2732
\OT1/cmr/m/n/10 Nuclear-norm reg-u-lar-iza-tion pa-ram-e-ter. If lambda=0, the 
al-go-rithm re-verts to "hardIm-
(/usr/share/R/share/texmf/tex/latex/omscmtt.fd) [47]
! Undefined control sequence.
l.2768 \hypertarget
                   {method-new}{}
! Undefined control sequence.
l.2791 \hypertarget
                   {method-clone}{}

Overfull \hbox (3.71716pt too wide) in paragraph at lines 2834--2835
[]\OT1/cmr/m/n/10 Implements Hot Deck meth-ods as mlr3 pipeline more about VIM[
]HD \OT1/cmtt/m/n/10 autotune[]VIM[]hotdeck 
[48]
Underfull \hbox (badness 10000) in paragraph at lines 2844--2845

! Undefined control sequence.
l.2875 \hypertarget
                   {method-new}{}
! Undefined control sequence.
l.2889 \hypertarget
                   {method-clone}{}
[49]
Underfull \hbox (badness 10000) in paragraph at lines 2942--2943

[50]
! Undefined control sequence.
l.2985 \hypertarget
                   {method-new}{}
! Undefined control sequence.
l.3008 \hypertarget
                   {method-clone}{}
[51]
Underfull \hbox (badness 10000) in paragraph at lines 3061--3062

! Undefined control sequence.
l.3098 \hypertarget
                   {method-new}{}
[52]
! Undefined control sequence.
l.3118 \hypertarget
                   {method-clone}{}

Overfull \hbox (39.08948pt too wide) in paragraph at lines 3161--3162
[]\OT1/cmr/m/n/10 Implements Re-gres-sion Im-pu-ta-tion meth-ods as mlr3 pipeli
ne, more about RI \OT1/cmtt/m/n/10 autotune[]VIM[]regrImp\OT1/cmr/m/n/10 . 

Underfull \hbox (badness 10000) in paragraph at lines 3171--3172

[53]
! Undefined control sequence.
l.3208 \hypertarget
                   {method-new}{}
! Undefined control sequence.
l.3228 \hypertarget
                   {method-clone}{}
[54]
Overfull \hbox (21.77017pt too wide) in paragraph at lines 3300--3301
[]\OT1/cmr/m/n/10 first prod-uct of for-mula[]creating() fun-tion. For ex-am-pl
e for-mula[]creating(...)[1] 
[55] [56] [57] (./Rd2.aux)

LaTeX Font Warning: Some font shapes were not available, defaults substituted.

 )
(see the transcript file for additional information) </home/jan/.TinyTeX/texmf-
var/fonts/pk/ljfour/jknappen/ec/tctt1000.600pk> </home/jan/.TinyTeX/texmf-var/f
onts/pk/ljfour/jknappen/ec/tcrm1000.600pk></home/jan/.TinyTeX/texmf-dist/fonts/
type1/public/amsfonts/cm/cmbx10.pfb></home/jan/.TinyTeX/texmf-dist/fonts/type1/
public/amsfonts/cm/cmbx12.pfb></home/jan/.TinyTeX/texmf-dist/fonts/type1/public
/amsfonts/cm/cmmi10.pfb></home/jan/.TinyTeX/texmf-dist/fonts/type1/public/amsfo
nts/cm/cmr10.pfb></home/jan/.TinyTeX/texmf-dist/fonts/type1/public/amsfonts/cm/
cmr12.pfb></home/jan/.TinyTeX/texmf-dist/fonts/type1/public/amsfonts/cm/cmr6.pf
b></home/jan/.TinyTeX/texmf-dist/fonts/type1/public/amsfonts/cm/cmr7.pfb></home
/jan/.TinyTeX/texmf-dist/fonts/type1/public/amsfonts/cm/cmsl10.pfb></home/jan/.
TinyTeX/texmf-dist/fonts/type1/public/amsfonts/cm/cmss12.pfb></home/jan/.TinyTe
X/texmf-dist/fonts/type1/public/amsfonts/cm/cmsy10.pfb></home/jan/.TinyTeX/texm
f-dist/fonts/type1/public/amsfonts/cm/cmti10.pfb></home/jan/.TinyTeX/texmf-dist
/fonts/type1/public/amsfonts/cm/cmtt10.pfb></home/jan/.TinyTeX/texmf-dist/fonts
/type1/public/amsfonts/cm/cmtt8.pfb></home/jan/.TinyTeX/texmf-dist/fonts/type1/
public/amsfonts/cm/cmtt9.pfb>
Output written on Rd2.pdf (57 pages, 271684 bytes).
Transcript written on Rd2.log.
Error in texi2dvi(file = file, pdf = TRUE, clean = clean, quiet = quiet,  : 
  nie można uruchomić polecenia 'pdflatex' na pliku 'Rd2.tex'
LaTeX errors:
! Undefined control sequence.
l.1230 \hypertarget
                   {method-new}{}
The control sequence at the end of the top line
of your error message was never \def'ed. If you have
! Undefined control sequence.
l.1253 \hypertarget
                   {method-clone}{}
The control sequence at the end of the top line
of your error message was never \def'ed. If you have
! Undefined control sequence.
l.1333 \hypertarget
                   {method-new}{}
The control sequence at the end of the top line
of your error message was never \def'ed. If you have
! Undefined control sequence.
l.1347 \hypertarget
                   {method-clone}{}
The control sequence at the end of the top line
of your error message was never \def'ed. If you have
! Undefined control sequence.
l.1427 \hypertarget
                   {method-new}{}
The control sequence at the end of the top line
of your error message was never \def'ed. If you have
! Undefined control sequence.
l.1441 \hypertarget
                   {method-clone}{}
The control sequence at the end of the top line
of your error message was never \def'ed. If you have
! Undefined control sequence.
l.1521 \hypertarget
                   {method-new}{}
The control sequence at the end of the top line
of your error message was never \def'ed. If you have
! Undefined control sequence.
l.1535 \hypertarget
                   {method-clone}{}
The control sequence at the end of the top line
of your error message was never \def'ed. If you have
! Undefined control sequence.
l.1639 \hypertarget
                   {method-new}{}
The control sequence at the end of the top line
of your error message was never \def'ed. If you have
! Undefined control sequence.
l.1667 \hypertarget
                   {method-clone}{}
The control sequence at the end of the top line
of your error message was never \def'ed. If you have
! Undefined control sequence.
l.1763 \hypertarget
                   {method-new}{}
The control sequence at the end of the top line
of your error message was never \def'ed. If you have
! Undefined control sequence.
l.1785 \hypertarget
                   {method-clone}{}
The control sequence at the end of the top line
of your error message was never \def'ed. If you have
! Undefined control sequence.
l.1887 \hypertarget
                   {method-new}{}
The control sequence at the end of the top line
of your error message was never \def'ed. If you have
! Undefined control sequence.
l.1913 \hypertarget
                   {method-clone}{}
The control sequence at the end of the top line
of your error message was never \def'ed. If you have
! Undefined control sequence.
l.2011 \hypertarget
                   {method-new}{}
The control sequence at the end of the top line
of your error message was never \def'ed. If you have
! Undefined control sequence.
l.2034 \hypertarget
                   {method-clone}{}
The control sequence at the end of the top line
of your error message was never \def'ed. If you have
! Undefined control sequence.
l.2135 \hypertarget
                   {method-new}{}
The control sequence at the end of the top line
of your error message was never \def'ed. If you have
! Undefined control sequence.
l.2160 \hypertarget
                   {method-clone}{}
The control sequence at the end of the top line
of your error message was never \def'ed. If you have
! Undefined control sequence.
l.2256 \hypertarget
                   {method-new}{}
The control sequence at the end of the top line
of your error message was never \def'ed. If you have
! Undefined control sequence.
l.2280 \hypertarget
                   {method-clone}{}
The control sequence at the end of the top line
of your error message was never \def'ed. If you have
! Undefined control sequence.
l.2363 \hypertarget
                   {method-new}{}
The control sequence at the end of the top line
of your error message was never \def'ed. If you have
! Undefined control sequence.
l.2377 \hypertarget
                   {method-clone}{}
The control sequence at the end of the top line
of your error message was never \def'ed. If you have
! Undefined control sequence.
l.2459 \hypertarget
                   {method-new}{}
The control sequence at the end of the top line
of your error message was never \def'ed. If you have
! Undefined control sequence.
l.2473 \hypertarget
                   {method-clone}{}
The control sequence at the end of the top line
of your error message was never \def'ed. If you have
! Undefined control sequence.
l.2555 \hypertarget
                   {method-new}{}
The control sequence at the end of the top line
of your error message was never \def'ed. If you have
! Undefined control sequence.
l.2569 \hypertarget
                   {method-clone}{}
The control sequence at the end of the top line
of your error message was never \def'ed. If you have
! Undefined control sequence.
l.2657 \hypertarget
                   {method-new}{}
The control sequence at the end of the top line
of your error message was never \def'ed. If you have
! Undefined control sequence.
l.2674 \hypertarget
                   {method-clone}{}
The control sequence at the end of the top line
of your error message was never \def'ed. If you have
! Undefined control sequence.
l.2768 \hypertarget
                   {method-new}{}
The control sequence at the end of the top line
of your error message was never \def'ed. If you have
! Undefined control sequence.
l.2791 \hypertarget
                   {method-clone}{}
The control sequence at the end of the top line
of your error message was never \def'ed. If you have
! Undefined control sequence.
l.2875 \hypertarget
                   {method-new}{}
The control sequence at the end of the top line
of your error message was never \def'ed. If you have
! Undefined control sequence.
l.2889 \hypertarget
                   {method-clone}{}
The control sequence at the end of the top line
of your error message was never \def'ed. If you have
! Undefined control sequence.
l.2985 \hypertarget
                   {method-new}{}
The control sequence at the end of the top line
of your error message was never \def'ed. If you have
! Undefined control sequence.
l.3008 \hypertarget
                   {method-clone}{}
The control sequence at the end of the top line
of your error message was never \def'ed. If you have
! Undefined control sequence.
l.3098 \hypertarget
                   {method-new}{}
The control sequence at the end of the top line
of your error message was never \def'ed. If you have
! Undefined control sequence.
l.3118 \hypertarget
                   {method-clone}{}
The control sequence at the end of the top line
of your error message was never \def'ed. If you have
! Undefined control sequence.
l.3208 \hypertarget
                   {method-new}{}
The control sequence at the end of the top line
of your error message was never \def'ed. If you have
! Undefined control sequence.
l.3228 \hypertarget
                   {method-clone}{}
The control sequence at the end of the top line
of your error message was never \def'ed. If you have
Błąd w uruchomieniu 'tools::texi2pdf()'
You may want to clean up by 'rm -Rf /tmp/RtmpeqO3l7/Rd2pdf78ac69d795df'
